<?xml version="1.0" encoding="UTF-8"?>
<testng-results ignored="0" total="1" passed="1" failed="0" skipped="0">
  <reporter-output>
  </reporter-output>
  <suite started-at="2022-05-16T21:42:16 ECT" name="Command line suite" finished-at="2022-05-16T21:42:33 ECT" duration-ms="16827">
    <groups>
    </groups>
    <test started-at="2022-05-16T21:42:16 ECT" name="Command line test" finished-at="2022-05-16T21:42:33 ECT" duration-ms="16827">
      <class name="TestNGExample">
        <test-method is-config="true" signature="beforeClass()[pri:0, instance:TestNGExample@a74868d]" started-at="2022-05-16T21:42:16 ECT" name="beforeClass" finished-at="2022-05-16T21:42:21 ECT" duration-ms="4638" status="PASS">
          <reporter-output>
          </reporter-output>
        </test-method> <!-- beforeClass -->
        <test-method signature="f()[pri:0, instance:TestNGExample@a74868d]" started-at="2022-05-16T21:42:21 ECT" name="f" finished-at="2022-05-16T21:42:33 ECT" duration-ms="12165" status="PASS">
          <reporter-output>
          </reporter-output>
        </test-method> <!-- f -->
        <test-method is-config="true" signature="afterClass()[pri:0, instance:TestNGExample@a74868d]" started-at="2022-05-16T21:42:33 ECT" name="afterClass" finished-at="2022-05-16T21:42:33 ECT" duration-ms="0" status="PASS">
          <reporter-output>
          </reporter-output>
        </test-method> <!-- afterClass -->
      </class> <!-- TestNGExample -->
    </test> <!-- Command line test -->
  </suite> <!-- Command line suite -->
</testng-results>
